<?xml version="1.0" encoding="UTF-8"?>
<testsuite xmlns:xsi="http://www.w3.org/2001/XMLSchema-instance" xsi:noNamespaceSchemaLocation="https://maven.apache.org/surefire/maven-surefire-plugin/xsd/surefire-test-report-3.0.xsd" version="3.0" name="org.droolsv1.RuleTest" time="0.989" tests="1" errors="0" skipped="0" failures="0">
  <properties>
[...]
</properties>
  <testcase name="test" classname="org.droolsv1.RuleTest" time="0.9">
    <system-out><![CDATA[2023-05-06 09:55:15,233 [main] INFO  Creating RuleUnit
2023-05-06 09:55:15,554 [main] INFO  Insert data
2023-05-06 09:55:15,563 [main] INFO  Run query. Rules are also fired
]]></system-out>
  </testcase>
</testsuite>